<?xml version="1.0" encoding="UTF-8" ?>
<testsuite errors="0" failures="0" hostname="sunil-gopinaths-macbook-pro-86.local" name="com.company.cms.BlogEntryTests" tests="1" time="0.947" timestamp="2012-10-11T02:57:08">
  <properties />
  <testcase classname="com.company.cms.BlogEntryTests" name="testToString" time="0.88" />
  <system-out><![CDATA[--Output from testToString--
]]></system-out>
  <system-err><![CDATA[--Output from testToString--
]]></system-err>
</testsuite>
